Arguments: 
  /home/mostafa/.nvm/versions/node/v18.17.1/bin/node /usr/local/bin/yarn add @sesamiapp/translation

PATH: 
  /home/mostafa/.nvm/versions/node/v18.17.1/bin:/usr/local/sbin:/usr/local/bin:/usr/sbin:/usr/bin:/sbin:/bin:/usr/games:/usr/local/games:/snap/bin:/snap/bin

Yarn version: 
  1.22.19

Node version: 
  18.17.1

Platform: 
  linux x64

Trace: 
  Error: https://registry.yarnpkg.com/@sesamiapp%2ftranslation: Not found
      at params.callback [as _callback] (/usr/local/lib/node_modules/yarn/lib/cli.js:66145:18)
      at self.callback (/usr/local/lib/node_modules/yarn/lib/cli.js:140890:22)
      at Request.emit (node:events:514:28)
      at Request.<anonymous> (/usr/local/lib/node_modules/yarn/lib/cli.js:141862:10)
      at Request.emit (node:events:514:28)
      at IncomingMessage.<anonymous> (/usr/local/lib/node_modules/yarn/lib/cli.js:141784:12)
      at Object.onceWrapper (node:events:628:28)
      at IncomingMessage.emit (node:events:526:35)
      at endReadableNT (node:internal/streams/readable:1359:12)
      at process.processTicksAndRejections (node:internal/process/task_queues:82:21)

npm manifest: 
  {
    "name": "@sesamiapp/app-message",
    "version": "1.0.0",
    "description": "A library to connect Sesami Apps to their host.",
    "repository": "git://github.com/sesamiapp/app-message.git",
    "main": "index.ts",
    "scripts": {
      "test": "echo \"Error: no test specified\" && exit 1"
    },
    "author": "Sesami Development Team",
    "license": "ISC",
    "publishConfig": {
      "registry": "https://npm.pkg.github.com/sesamiapp"
    }
  }

yarn manifest: 
  No manifest

Lockfile: 
  No lockfile
